TN:
SF:src/components/routes/blog/game/ColorGuess/ColorAttributeSelector/tools.ts
FN:3,range
FN:20,value2percent
FN:47,percent2value
FN:59,snapValue
FNF:4
FNH:3
FNDA:0,range
FNDA:15,value2percent
FNDA:20,percent2value
FNDA:8,snapValue
DA:1,1
DA:3,1
DA:4,0
DA:5,0
DA:6,0
DA:20,1
DA:27,15
DA:28,15
DA:29,15
DA:30,15
DA:31,15
DA:32,15
DA:33,15
DA:34,15
DA:47,1
DA:54,20
DA:55,20
DA:56,20
DA:59,1
DA:66,8
LF:20
LH:17
BRF:0
BRH:0
end_of_record
TN:
SF:src/webgl2/calc.ts
FN:1,(anonymous_9)
FN:19,Vec2
FN:5,(anonymous_11)
FN:9,(anonymous_12)
FN:30,(anonymous_13)
FN:34,(anonymous_14)
FN:37,(anonymous_15)
FN:41,(anonymous_16)
FN:44,(anonymous_17)
FN:48,(anonymous_18)
FN:52,(anonymous_19)
FN:57,(anonymous_20)
FN:61,(anonymous_21)
FN:70,(anonymous_22)
FN:87,Vec3
FN:74,(anonymous_24)
FN:78,(anonymous_25)
FN:100,(anonymous_26)
FN:104,(anonymous_27)
FN:107,(anonymous_28)
FN:111,(anonymous_29)
FN:120,(anonymous_30)
FN:127,(anonymous_31)
FN:134,(anonymous_32)
FN:138,(anonymous_33)
FN:145,(anonymous_34)
FN:149,(anonymous_35)
FN:154,(anonymous_36)
FN:158,(anonymous_37)
FN:168,(anonymous_38)
FN:177,Vec4
FN:190,(anonymous_40)
FN:193,(anonymous_41)
FN:197,(anonymous_42)
FN:201,(anonymous_43)
FN:206,(anonymous_44)
FN:210,(anonymous_45)
FN:229,(anonymous_46)
FN:232,(anonymous_48)
FN:236,(anonymous_49)
FN:239,(anonymous_50)
FN:243,(anonymous_51)
FN:246,(anonymous_52)
FN:250,(anonymous_53)
FN:253,(anonymous_54)
FN:257,(anonymous_55)
FN:260,(anonymous_56)
FN:264,(anonymous_57)
FN:267,(anonymous_58)
FN:271,(anonymous_59)
FN:274,(anonymous_60)
FN:278,(anonymous_61)
FN:281,(anonymous_62)
FN:285,(anonymous_63)
FN:288,(anonymous_64)
FN:292,(anonymous_65)
FN:295,(anonymous_66)
FN:299,(anonymous_67)
FN:302,(anonymous_68)
FN:306,(anonymous_69)
FN:309,(anonymous_70)
FN:313,(anonymous_71)
FN:316,(anonymous_72)
FN:320,(anonymous_73)
FN:323,(anonymous_74)
FN:327,(anonymous_75)
FN:330,(anonymous_76)
FN:334,(anonymous_77)
FN:337,(anonymous_78)
FN:341,(anonymous_79)
FN:344,(anonymous_80)
FN:348,(anonymous_81)
FN:350,(anonymous_82)
FN:353,(anonymous_83)
FN:396,rotateAroundAxis
FN:426,rotateAroundY
FN:439,rotateAroundZ
FN:458,clamp
FNF:78
FNH:5
FNDA:1,(anonymous_9)
FNDA:0,Vec2
FNDA:0,(anonymous_11)
FNDA:0,(anonymous_12)
FNDA:0,(anonymous_13)
FNDA:0,(anonymous_14)
FNDA:0,(anonymous_15)
FNDA:0,(anonymous_16)
FNDA:0,(anonymous_17)
FNDA:0,(anonymous_18)
FNDA:0,(anonymous_19)
FNDA:0,(anonymous_20)
FNDA:0,(anonymous_21)
FNDA:1,(anonymous_22)
FNDA:0,Vec3
FNDA:0,(anonymous_24)
FNDA:0,(anonymous_25)
FNDA:0,(anonymous_26)
FNDA:0,(anonymous_27)
FNDA:0,(anonymous_28)
FNDA:0,(anonymous_29)
FNDA:0,(anonymous_30)
FNDA:0,(anonymous_31)
FNDA:0,(anonymous_32)
FNDA:0,(anonymous_33)
FNDA:0,(anonymous_34)
FNDA:0,(anonymous_35)
FNDA:0,(anonymous_36)
FNDA:0,(anonymous_37)
FNDA:1,(anonymous_38)
FNDA:0,Vec4
FNDA:0,(anonymous_40)
FNDA:0,(anonymous_41)
FNDA:0,(anonymous_42)
FNDA:0,(anonymous_43)
FNDA:0,(anonymous_44)
FNDA:0,(anonymous_45)
FNDA:1,(anonymous_46)
FNDA:0,(anonymous_48)
FNDA:0,(anonymous_49)
FNDA:0,(anonymous_50)
FNDA:0,(anonymous_51)
FNDA:0,(anonymous_52)
FNDA:0,(anonymous_53)
FNDA:0,(anonymous_54)
FNDA:0,(anonymous_55)
FNDA:0,(anonymous_56)
FNDA:0,(anonymous_57)
FNDA:0,(anonymous_58)
FNDA:0,(anonymous_59)
FNDA:0,(anonymous_60)
FNDA:0,(anonymous_61)
FNDA:0,(anonymous_62)
FNDA:0,(anonymous_63)
FNDA:0,(anonymous_64)
FNDA:0,(anonymous_65)
FNDA:0,(anonymous_66)
FNDA:0,(anonymous_67)
FNDA:0,(anonymous_68)
FNDA:0,(anonymous_69)
FNDA:0,(anonymous_70)
FNDA:0,(anonymous_71)
FNDA:0,(anonymous_72)
FNDA:0,(anonymous_73)
FNDA:0,(anonymous_74)
FNDA:0,(anonymous_75)
FNDA:0,(anonymous_76)
FNDA:0,(anonymous_77)
FNDA:0,(anonymous_78)
FNDA:0,(anonymous_79)
FNDA:0,(anonymous_80)
FNDA:0,(anonymous_81)
FNDA:0,(anonymous_82)
FNDA:0,(anonymous_83)
FNDA:0,rotateAroundAxis
FNDA:0,rotateAroundY
FNDA:0,rotateAroundZ
FNDA:15,clamp
DA:1,1
DA:5,1
DA:6,0
DA:9,1
DA:10,0
DA:13,0
DA:20,0
DA:21,0
DA:22,0
DA:24,0
DA:25,0
DA:26,0
DA:30,1
DA:31,0
DA:34,1
DA:35,0
DA:38,0
DA:41,1
DA:42,0
DA:45,0
DA:48,1
DA:49,0
DA:52,1
DA:53,0
DA:54,0
DA:57,1
DA:58,0
DA:61,1
DA:62,0
DA:63,0
DA:64,0
DA:65,0
DA:66,0
DA:68,1
DA:70,1
DA:74,1
DA:75,0
DA:78,1
DA:79,0
DA:88,0
DA:89,0
DA:90,0
DA:91,0
DA:92,0
DA:95,0
DA:96,0
DA:100,1
DA:101,0
DA:104,1
DA:105,0
DA:108,0
DA:111,1
DA:112,0
DA:113,0
DA:114,0
DA:115,0
DA:117,0
DA:120,1
DA:121,0
DA:122,0
DA:123,0
DA:124,0
DA:127,1
DA:128,0
DA:129,0
DA:130,0
DA:131,0
DA:134,1
DA:135,0
DA:138,1
DA:139,0
DA:140,0
DA:141,0
DA:142,0
DA:145,1
DA:146,0
DA:149,1
DA:150,0
DA:151,0
DA:154,1
DA:155,0
DA:158,1
DA:159,0
DA:160,0
DA:161,0
DA:162,0
DA:163,0
DA:164,0
DA:166,1
DA:168,1
DA:178,0
DA:179,0
DA:180,0
DA:183,0
DA:184,0
DA:187,0
DA:190,1
DA:191,0
DA:194,0
DA:197,1
DA:198,0
DA:201,1
DA:202,0
DA:203,0
DA:206,1
DA:207,0
DA:210,1
DA:211,0
DA:212,0
DA:213,0
DA:214,0
DA:215,0
DA:216,0
DA:217,0
DA:219,1
DA:222,1
DA:229,1
DA:230,0
DA:232,1
DA:233,0
DA:236,1
DA:237,0
DA:240,0
DA:243,1
DA:244,0
DA:247,0
DA:250,1
DA:251,0
DA:254,0
DA:257,1
DA:258,0
DA:261,0
DA:264,1
DA:265,0
DA:268,0
DA:271,1
DA:272,0
DA:275,0
DA:278,1
DA:279,0
DA:282,0
DA:285,1
DA:286,0
DA:289,0
DA:292,1
DA:293,0
DA:296,0
DA:299,1
DA:300,0
DA:303,0
DA:306,1
DA:307,0
DA:310,0
DA:313,1
DA:314,0
DA:317,0
DA:320,1
DA:321,0
DA:324,0
DA:327,1
DA:328,0
DA:331,0
DA:334,1
DA:335,0
DA:338,0
DA:341,1
DA:342,0
DA:345,0
DA:348,1
DA:349,0
DA:350,0
DA:353,0
DA:354,0
DA:355,0
DA:356,0
DA:359,0
DA:360,0
DA:361,0
DA:362,0
DA:363,0
DA:394,1
DA:396,1
DA:402,0
DA:403,0
DA:404,0
DA:405,0
DA:406,0
DA:407,0
DA:408,0
DA:409,0
DA:410,0
DA:411,0
DA:412,0
DA:416,0
DA:420,0
DA:426,1
DA:431,0
DA:432,0
DA:433,0
DA:434,0
DA:435,0
DA:436,0
DA:439,1
DA:444,0
DA:445,0
DA:446,0
DA:447,0
DA:448,0
DA:449,0
DA:458,15
DA:459,15
DA:460,15
DA:461,14
LF:213
LH:61
BRDA:20,0,0,0
BRDA:21,1,0,0
BRDA:21,1,1,0
BRDA:21,2,0,0
BRDA:21,2,1,0
BRDA:24,3,0,0
BRDA:63,4,0,0
BRDA:63,4,1,0
BRDA:88,5,0,0
BRDA:88,5,1,0
BRDA:89,6,0,0
BRDA:91,7,0,0
BRDA:91,7,1,0
BRDA:91,8,0,0
BRDA:91,8,1,0
BRDA:92,9,0,0
BRDA:92,9,1,0
BRDA:92,10,0,0
BRDA:92,10,1,0
BRDA:95,11,0,0
BRDA:74,12,0,0
BRDA:160,13,0,0
BRDA:160,13,1,0
BRDA:178,14,0,0
BRDA:178,14,1,0
BRDA:179,15,0,0
BRDA:180,16,0,0
BRDA:180,16,1,0
BRDA:180,17,0,0
BRDA:180,17,1,0
BRDA:180,18,0,0
BRDA:180,18,1,0
BRDA:180,19,0,0
BRDA:180,19,1,0
BRDA:180,20,0,0
BRDA:180,20,1,0
BRDA:180,21,0,0
BRDA:180,21,1,0
BRDA:183,22,0,0
BRDA:212,23,0,0
BRDA:212,23,1,0
BRDA:458,24,0,0
BRDA:458,25,0,0
BRDA:459,26,0,0
BRDA:460,27,0,1
BRF:45
BRH:1
end_of_record
TN:
SF:src/webgl2/data.ts
FN:77,(anonymous_2)
FN:84,Data
FN:112,(anonymous_4)
FN:160,(anonymous_5)
FN:164,(anonymous_6)
FN:185,(anonymous_7)
FN:209,makeData
FN:216,makeDataDefinition
FN:236,makeDataDefinitionFloat
FN:247,(anonymous_11)
FN:250,(anonymous_12)
FNF:11
FNH:8
FNDA:1,(anonymous_2)
FNDA:2,Data
FNDA:3,(anonymous_4)
FNDA:2,(anonymous_5)
FNDA:0,(anonymous_6)
FNDA:0,(anonymous_7)
FNDA:2,makeData
FNDA:3,makeDataDefinition
FNDA:3,makeDataDefinitionFloat
FNDA:0,(anonymous_11)
FNDA:16,(anonymous_12)
DA:77,1
DA:84,2
DA:85,2
DA:86,0
DA:89,2
DA:90,2
DA:91,2
DA:92,3
DA:93,3
DA:95,3
DA:96,3
DA:97,3
DA:98,3
DA:99,3
DA:101,2
DA:102,2
DA:103,2
DA:112,6
DA:113,3
DA:114,3
DA:115,0
DA:118,3
DA:119,0
DA:125,3
DA:126,3
DA:127,3
DA:128,0
DA:129,0
DA:130,0
DA:131,0
DA:136,3
DA:137,3
DA:138,0
DA:145,3
DA:146,3
DA:147,3
DA:148,3
DA:149,7
DA:150,7
DA:151,16
DA:152,16
DA:160,1
DA:161,2
DA:164,1
DA:167,0
DA:178,0
DA:179,0
DA:180,0
DA:181,0
DA:182,0
DA:185,1
DA:189,0
DA:191,0
DA:192,0
DA:193,0
DA:194,0
DA:195,0
DA:196,0
DA:204,0
DA:207,1
DA:209,1
DA:213,2
DA:218,3
DA:226,3
DA:228,3
DA:230,0
DA:237,3
DA:238,3
DA:240,3
DA:241,3
DA:248,0
DA:251,16
LF:72
LH:48
BRDA:85,0,0,0
BRDA:112,1,0,3
BRDA:114,2,0,0
BRDA:118,3,0,0
BRDA:127,4,0,0
BRDA:127,5,0,3
BRDA:127,5,1,3
BRDA:137,6,0,0
BRDA:167,7,0,0
BRDA:178,8,0,0
BRDA:178,8,1,0
BRDA:178,9,0,0
BRDA:178,9,1,0
BRDA:189,10,0,0
BRDA:218,11,0,3
BRDA:218,11,1,0
BRDA:226,12,0,3
BRDA:226,12,1,0
BRF:18
BRH:5
end_of_record
