TN:
SF:src/utils/webgl2/data.ts
FN:46,(anonymous_2)
FN:51,Data
FN:79,(anonymous_4)
FN:124,(anonymous_5)
FN:128,(anonymous_6)
FN:149,(anonymous_7)
FN:152,makeData
FN:159,makeDataDefinition
FN:179,makeDataDefinitionFloat
FN:190,(anonymous_11)
FN:193,(anonymous_12)
FNF:11
FNH:8
FNDA:1,(anonymous_2)
FNDA:2,Data
FNDA:3,(anonymous_4)
FNDA:2,(anonymous_5)
FNDA:0,(anonymous_6)
FNDA:0,(anonymous_7)
FNDA:2,makeData
FNDA:3,makeDataDefinition
FNDA:3,makeDataDefinitionFloat
FNDA:0,(anonymous_11)
FNDA:16,(anonymous_12)
DA:46,1
DA:51,2
DA:52,2
DA:53,0
DA:56,2
DA:57,2
DA:58,2
DA:59,3
DA:60,3
DA:62,3
DA:63,3
DA:64,3
DA:65,3
DA:66,3
DA:68,2
DA:69,2
DA:70,2
DA:79,6
DA:80,3
DA:81,3
DA:82,0
DA:85,3
DA:86,0
DA:92,3
DA:93,3
DA:94,3
DA:95,0
DA:100,3
DA:101,3
DA:102,0
DA:109,3
DA:110,3
DA:111,3
DA:112,3
DA:113,7
DA:114,7
DA:115,16
DA:116,16
DA:124,1
DA:125,2
DA:128,1
DA:131,0
DA:142,0
DA:143,0
DA:144,0
DA:145,0
DA:146,0
DA:149,1
DA:150,1
DA:152,1
DA:156,2
DA:161,3
DA:169,3
DA:171,3
DA:173,0
DA:180,3
DA:181,3
DA:183,3
DA:184,3
DA:191,0
DA:194,16
LF:61
LH:48
BRDA:52,0,0,0
BRDA:79,1,0,3
BRDA:81,2,0,0
BRDA:85,3,0,0
BRDA:94,4,0,0
BRDA:94,5,0,3
BRDA:94,5,1,3
BRDA:101,6,0,0
BRDA:131,7,0,0
BRDA:142,8,0,0
BRDA:142,8,1,0
BRDA:142,9,0,0
BRDA:142,9,1,0
BRDA:161,10,0,3
BRDA:161,10,1,0
BRDA:169,11,0,3
BRDA:169,11,1,0
BRF:17
BRH:5
end_of_record
